Using pre-set license
Built from '2020.3/release' branch; Version is '2020.3.7f1 (dd97f2c94397) revision 14522354'; Using compiler version '192528614'; Build Type 'Release'
OS: 'Windows 10 Home Single Language; OS build 19042.985; Version 2009; 64bit' Language: 'en' Physical Memory: 8074 MB
BatchMode: 1, IsHumanControllingUs: 0, StartBugReporterOnCrash: 0, Is64bit: 1, IsPro: 0

 COMMAND LINE ARGUMENTS:
D:\Unity\2020.3.7f1\Editor\Unity.exe
-adb2
-batchMode
-noUpm
-name
AssetImportWorker0
-projectPath
D:/Unity/Save/GAME FPS
-logFile
Logs/AssetImportWorker0.log
-srvPort
58617
Successfully changed project path to: D:/Unity/Save/GAME FPS
D:/Unity/Save/GAME FPS
Using Asset Import Pipeline V2.
Refreshing native plugins compatible for Editor in 30.06 ms, found 0 plugins.
Preloading 0 native plugins for Editor in 0.00 ms.
Initialize engine version: 2020.3.7f1 (dd97f2c94397)
[Subsystems] Discovering subsystems at path D:/Unity/2020.3.7f1/Editor/Data/Resources/UnitySubsystems
[Subsystems] Discovering subsystems at path D:/Unity/Save/GAME FPS/Assets
GfxDevice: creating device client; threaded=0
Direct3D:
    Version:  Direct3D 11.0 [level 11.1]
    Renderer: NVIDIA GeForce MX150 (ID=0x1d10)
    Vendor:   
    VRAM:     1983 MB
    Driver:   27.21.14.6627
Initialize mono
Mono path[0] = 'D:/Unity/2020.3.7f1/Editor/Data/Managed'
Mono path[1] = 'D:/Unity/2020.3.7f1/Editor/Data/MonoBleedingEdge/lib/mono/unityjit'
Mono config path = 'D:/Unity/2020.3.7f1/Editor/Data/MonoBleedingEdge/etc'
Using monoOptions --debugger-agent=transport=dt_socket,embedding=1,server=y,suspend=n,address=127.0.0.1:56428
Begin MonoManager ReloadAssembly
Registering precompiled unity dll's ...
Register platform support module: D:/Unity/2020.3.7f1/Editor/Data/PlaybackEngines/WindowsStandaloneSupport/UnityEditor.WindowsStandalone.Extensions.dll
Registered in 0.001572 seconds.
Native extension for WindowsStandalone target not found
Refreshing native plugins compatible for Editor in 37.92 ms, found 0 plugins.
Preloading 0 native plugins for Editor in 0.00 ms.
Mono: successfully reloaded assembly
- Completed reload, in  1.448 seconds
Platform modules already initialized, skipping
Registering precompiled user dll's ...
Registered in 0.000823 seconds.
Begin MonoManager ReloadAssembly
Native extension for WindowsStandalone target not found
Refreshing native plugins compatible for Editor in 0.29 ms, found 0 plugins.
Preloading 0 native plugins for Editor in 0.00 ms.
Mono: successfully reloaded assembly
- Completed reload, in  0.978 seconds
Platform modules already initialized, skipping
========================================================================
Worker process is ready to serve import requests
Launched and connected shader compiler UnityShaderCompiler.exe after 0.15 seconds
Refreshing native plugins compatible for Editor in 0.36 ms, found 0 plugins.
Preloading 0 native plugins for Editor in 0.00 ms.
Unloading 1250 Unused Serialized files (Serialized files now loaded: 0)
System memory in use before: 66.9 MB.
System memory in use after: 67.0 MB.

Unloading 10 unused Assets to reduce memory usage. Loaded Objects now: 1698.
Total: 3.259600 ms (FindLiveObjects: 0.149800 ms CreateObjectMapping: 0.062400 ms MarkObjects: 2.904500 ms  DeleteObjects: 0.141000 ms)

========================================================================
Received Import Request.
  path: Assets/Low Poly FPS Pack - Free (Sample)/Components/Demo_Scene_Components/Scripts/ExplosiveBarrelScript.cs
  artifactKey: Guid(f00dbda9bdee23645ace6aa6df24f827) Importer(815301076,1909f56bfc062723c751e8b465ee728b)
Start importing Assets/Low Poly FPS Pack - Free (Sample)/Components/Demo_Scene_Components/Scripts/ExplosiveBarrelScript.cs using Guid(f00dbda9bdee23645ace6aa6df24f827) Importer(815301076,1909f56bfc062723c751e8b465ee728b)  -> (artifact id: '7944fe9d13d7e73195d1db3f0f81cd61') in 0.140486 seconds
  Import took 0.174297 seconds .

========================================================================
Received Prepare
Registering precompiled user dll's ...
Registered in 0.000806 seconds.
Begin MonoManager ReloadAssembly
Native extension for WindowsStandalone target not found
Refreshing native plugins compatible for Editor in 0.26 ms, found 0 plugins.
Preloading 0 native plugins for Editor in 0.00 ms.
Mono: successfully reloaded assembly
- Completed reload, in  1.008 seconds
Platform modules already initialized, skipping
Refreshing native plugins compatible for Editor in 0.35 ms, found 0 plugins.
Preloading 0 native plugins for Editor in 0.00 ms.
Unloading 1218 Unused Serialized files (Serialized files now loaded: 0)
System memory in use before: 64.2 MB.
System memory in use after: 64.3 MB.

Unloading 5 unused Assets to reduce memory usage. Loaded Objects now: 1701.
Total: 1.977700 ms (FindLiveObjects: 0.324700 ms CreateObjectMapping: 0.091100 ms MarkObjects: 1.502500 ms  DeleteObjects: 0.057800 ms)

========================================================================
Received Prepare
Registering precompiled user dll's ...
Registered in 0.000763 seconds.
Begin MonoManager ReloadAssembly
Native extension for WindowsStandalone target not found
Refreshing native plugins compatible for Editor in 0.27 ms, found 0 plugins.
Preloading 0 native plugins for Editor in 0.00 ms.
Mono: successfully reloaded assembly
- Completed reload, in  0.915 seconds
Platform modules already initialized, skipping
Refreshing native plugins compatible for Editor in 0.36 ms, found 0 plugins.
Preloading 0 native plugins for Editor in 0.00 ms.
Unloading 1218 Unused Serialized files (Serialized files now loaded: 0)
System memory in use before: 64.2 MB.
System memory in use after: 64.3 MB.

Unloading 5 unused Assets to reduce memory usage. Loaded Objects now: 1704.
Total: 1.738900 ms (FindLiveObjects: 0.143100 ms CreateObjectMapping: 0.049600 ms MarkObjects: 1.492600 ms  DeleteObjects: 0.052600 ms)

========================================================================
Received Import Request.
  Time since last request: 1057.791851 seconds.
  path: Assets/Enemy.cs
  artifactKey: Guid(1528c9b54ebccbe41b4e521aa86a37e8) Importer(815301076,1909f56bfc062723c751e8b465ee728b)
Start importing Assets/Enemy.cs using Guid(1528c9b54ebccbe41b4e521aa86a37e8) Importer(815301076,1909f56bfc062723c751e8b465ee728b)  -> (artifact id: 'cf64aff528a13c46b9c8aac208f44445') in 0.905617 seconds
  Import took 0.941372 seconds .

========================================================================
Received Import Request.
  Time since last request: 83.766411 seconds.
  path: Assets/Scenes/GioiThieu.unity
  artifactKey: Guid(3f327d6af81c1444a8e02c1e2e8da0d9) Importer(815301076,1909f56bfc062723c751e8b465ee728b)
Start importing Assets/Scenes/GioiThieu.unity using Guid(3f327d6af81c1444a8e02c1e2e8da0d9) Importer(815301076,1909f56bfc062723c751e8b465ee728b)  -> (artifact id: '7263753006cff0aa94363c49e3a3e281') in 0.059523 seconds
  Import took 0.091035 seconds .

========================================================================
Received Prepare
Registering precompiled user dll's ...
Registered in 0.001459 seconds.
Begin MonoManager ReloadAssembly
Native extension for WindowsStandalone target not found
Refreshing native plugins compatible for Editor in 0.31 ms, found 0 plugins.
Preloading 0 native plugins for Editor in 0.00 ms.
Mono: successfully reloaded assembly
- Completed reload, in  1.350 seconds
Platform modules already initialized, skipping
Refreshing native plugins compatible for Editor in 0.46 ms, found 0 plugins.
Preloading 0 native plugins for Editor in 0.00 ms.
Unloading 1218 Unused Serialized files (Serialized files now loaded: 0)
System memory in use before: 64.3 MB.
System memory in use after: 64.3 MB.

Unloading 5 unused Assets to reduce memory usage. Loaded Objects now: 1707.
Total: 4.532200 ms (FindLiveObjects: 0.433800 ms CreateObjectMapping: 0.121800 ms MarkObjects: 3.908500 ms  DeleteObjects: 0.065000 ms)

========================================================================
Received Import Request.
  Time since last request: 1023.688651 seconds.
  path: Assets/Free LowPoly SciFi Pack/Scenes/DemoSceneSettings.lighting
  artifactKey: Guid(4d28e1316681bf144a40b16b70f672df) Importer(815301076,1909f56bfc062723c751e8b465ee728b)
Start importing Assets/Free LowPoly SciFi Pack/Scenes/DemoSceneSettings.lighting using Guid(4d28e1316681bf144a40b16b70f672df) Importer(815301076,1909f56bfc062723c751e8b465ee728b) LightingSettings: switching bake backend from 1 to 0.
 -> (artifact id: '9c87f3d443b52a6324b4e33ec951067d') in 0.036624 seconds
  Import took 0.063774 seconds .

========================================================================
Received Import Request.
  Time since last request: 0.005360 seconds.
  path: Assets/Free LowPoly SciFi Pack/Scenes/DemoSceneSettings.lighting
  artifactKey: Guid(4d28e1316681bf144a40b16b70f672df) Importer(815301076,1909f56bfc062723c751e8b465ee728b)
Start importing Assets/Free LowPoly SciFi Pack/Scenes/DemoSceneSettings.lighting using Guid(4d28e1316681bf144a40b16b70f672df) Importer(815301076,1909f56bfc062723c751e8b465ee728b) LightingSettings: switching bake backend from 1 to 0.
 -> (artifact id: '9c87f3d443b52a6324b4e33ec951067d') in 0.019432 seconds
  Import took 0.021889 seconds .

========================================================================
Received Import Request.
  Time since last request: 11.759669 seconds.
  path: Assets/Kevin Iglesias/SkeletonOutlaw/SkeletonOutlawDemo.controller
  artifactKey: Guid(0ca7eafc6f555b741862212a56fd50e9) Importer(815301076,1909f56bfc062723c751e8b465ee728b)
Start importing Assets/Kevin Iglesias/SkeletonOutlaw/SkeletonOutlawDemo.controller using Guid(0ca7eafc6f555b741862212a56fd50e9) Importer(815301076,1909f56bfc062723c751e8b465ee728b)  -> (artifact id: '4e2b6b14399c195042df93a795e0c6e3') in 0.244476 seconds
  Import took 0.267652 seconds .

========================================================================
Received Prepare
Registering precompiled user dll's ...
Registered in 0.000803 seconds.
Begin MonoManager ReloadAssembly
Native extension for WindowsStandalone target not found
Refreshing native plugins compatible for Editor in 0.28 ms, found 0 plugins.
Preloading 0 native plugins for Editor in 0.00 ms.
Mono: successfully reloaded assembly
- Completed reload, in  0.863 seconds
Platform modules already initialized, skipping
Refreshing native plugins compatible for Editor in 0.26 ms, found 0 plugins.
Preloading 0 native plugins for Editor in 0.00 ms.
Unloading 1218 Unused Serialized files (Serialized files now loaded: 0)
System memory in use before: 64.4 MB.
System memory in use after: 64.4 MB.

Unloading 5 unused Assets to reduce memory usage. Loaded Objects now: 1710.
Total: 2.674600 ms (FindLiveObjects: 0.237100 ms CreateObjectMapping: 0.100200 ms MarkObjects: 2.262000 ms  DeleteObjects: 0.074000 ms)

========================================================================
Received Prepare
Registering precompiled user dll's ...
Registered in 0.001285 seconds.
Begin MonoManager ReloadAssembly
Native extension for WindowsStandalone target not found
Refreshing native plugins compatible for Editor in 0.39 ms, found 0 plugins.
Preloading 0 native plugins for Editor in 0.00 ms.
Mono: successfully reloaded assembly
- Completed reload, in  0.997 seconds
Platform modules already initialized, skipping
Refreshing native plugins compatible for Editor in 0.27 ms, found 0 plugins.
Preloading 0 native plugins for Editor in 0.00 ms.
Unloading 1218 Unused Serialized files (Serialized files now loaded: 0)
System memory in use before: 64.4 MB.
System memory in use after: 64.4 MB.

Unloading 5 unused Assets to reduce memory usage. Loaded Objects now: 1713.
Total: 2.105500 ms (FindLiveObjects: 0.215200 ms CreateObjectMapping: 0.092300 ms MarkObjects: 1.737500 ms  DeleteObjects: 0.058400 ms)

